<?xml version="1.0" encoding="UTF-8" ?>
<testsuite tests="16" failures="0" name="uk.co.simplyhealth.cucumber.runner.TestRunner" time="0.688" errors="2" skipped="1">
  <properties>
[...]
</properties>
  <testcase classname="Scenario: As a User I should navigate to My account page successfully" name="Given I am on homepage" time="0.003"/>
  <testcase classname="Scenario: As a User I should navigate to My account page successfully" name="And I accept cookie policy" time="0"/>
  <testcase classname="Scenario: As a User I should navigate to My account page successfully" name="When I click on My account tab" time="0"/>
  <testcase classname="Scenario: As a User I should navigate to My account page successfully" name="Then I should navigate to login to your account page successfully and verify text &quot;Log in to your account&quot;" time="0"/>
  <testcase classname="Scenario: As a User I should navigate to My account page successfully" name="Scenario: As a User I should navigate to My account page successfully" time="0.656"/>
  <testcase classname="Scenario: As a User I should register successfully with valid credentials" name="Given I am on homepage" time="0"/>
  <testcase classname="Scenario: As a User I should register successfully with valid credentials" name="And I accept cookie policy" time="0"/>
  <testcase classname="Scenario: As a User I should register successfully with valid credentials" name="When I click on My account tab" time="0"/>
  <testcase classname="Scenario: As a User I should register successfully with valid credentials" name="And I click on Sign up link" time="0"/>
  <testcase classname="Scenario: As a User I should register successfully with valid credentials" name="And I enter email &quot;create@gmail.com&quot; in email field" time="0"/>
  <testcase classname="Scenario: As a User I should register successfully with valid credentials" name="And I enter same email &quot;create@gmail.com&quot; in confirm email field" time="0"/>
  <testcase classname="Scenario: As a User I should register successfully with valid credentials" name="And I enter password &quot;Asdfgh@12345&quot; in create password field" time="0"/>
  <testcase classname="Scenario: As a User I should register successfully with valid credentials" name="And I enter same password &quot;Asdfgh@12345&quot; in confirm your password field" time="0"/>
  <testcase classname="Scenario: As a User I should register successfully with valid credentials" name="And I click on register button" time="0.006">
    <error message="element click intercepted: Element is not clickable at point (759, 1021)
  (Session info: chrome=110.0.5481.178)
Build info: version: &apos;4.6.0&apos;, revision: &apos;79f1c02ae20&apos;
System info: os.name: &apos;Windows 10&apos;, os.arch: &apos;amd64&apos;, os.version: &apos;10.0&apos;, java.version: &apos;1.8.0_121&apos;
Driver info: org.openqa.selenium.chrome.ChromeDriver
Command: [2ff23807404126dfffcd1dbf4aed71e3, clickElement {id=4b007147-8c68-49ff-9791-a98b9d16aa08}]
Capabilities {acceptInsecureCerts: false, browserName: chrome, browserVersion: 110.0.5481.178, chrome: {chromedriverVersion: 110.0.5481.77 (65ed616c6e8e..., userDataDir: C:\Users\44754\AppData\Loca...}, goog:chromeOptions: {debuggerAddress: localhost:57129}, networkConnectionEnabled: false, pageLoadStrategy: normal, platformName: WINDOWS, proxy: Proxy(), se:cdp: ws://localhost:57129/devtoo..., se:cdpVersion: 110.0.5481.178, setWindowRect: true, strictFileInteractability: false, timeouts: {implicit: 0, pageLoad: 300000, script: 30000}, unhandledPromptBehavior: dismiss and notify, webauthn:extension:credBlob: true, webauthn:extension:largeBlob: true, webauthn:virtualAuthenticators: true}
Element: [[ChromeDriver: chrome on WINDOWS (2ff23807404126dfffcd1dbf4aed71e3)] -&gt; xpath: //button[@type=&apos;submit&apos;]]
Session ID: 2ff23807404126dfffcd1dbf4aed71e3" type="org.openqa.selenium.ElementClickInterceptedException">org.openqa.selenium.ElementClickInterceptedException: element click intercepted: Element is not clickable at point (759, 1021)
  (Session info: chrome=110.0.5481.178)
Build info: version: &apos;4.6.0&apos;, revision: &apos;79f1c02ae20&apos;
System info: os.name: &apos;Windows 10&apos;, os.arch: &apos;amd64&apos;, os.version: &apos;10.0&apos;, java.version: &apos;1.8.0_121&apos;
Driver info: org.openqa.selenium.chrome.ChromeDriver
Command: [2ff23807404126dfffcd1dbf4aed71e3, clickElement {id=4b007147-8c68-49ff-9791-a98b9d16aa08}]
Capabilities {acceptInsecureCerts: false, browserName: chrome, browserVersion: 110.0.5481.178, chrome: {chromedriverVersion: 110.0.5481.77 (65ed616c6e8e..., userDataDir: C:\Users\44754\AppData\Loca...}, goog:chromeOptions: {debuggerAddress: localhost:57129}, networkConnectionEnabled: false, pageLoadStrategy: normal, platformName: WINDOWS, proxy: Proxy(), se:cdp: ws://localhost:57129/devtoo..., se:cdpVersion: 110.0.5481.178, setWindowRect: true, strictFileInteractability: false, timeouts: {implicit: 0, pageLoad: 300000, script: 30000}, unhandledPromptBehavior: dismiss and notify, webauthn:extension:credBlob: true, webauthn:extension:largeBlob: true, webauthn:virtualAuthenticators: true}
Element: [[ChromeDriver: chrome on WINDOWS (2ff23807404126dfffcd1dbf4aed71e3)] -&gt; xpath: //button[@type=&apos;submit&apos;]]
Session ID: 2ff23807404126dfffcd1dbf4aed71e3
	at sun.reflect.NativeConstructorAccessorImpl.newInstance0(Native Method)
	at sun.reflect.NativeConstructorAccessorImpl.newInstance(NativeConstructorAccessorImpl.java:62)
	at sun.reflect.DelegatingConstructorAccessorImpl.newInstance(DelegatingConstructorAccessorImpl.java:45)
	at java.lang.reflect.Constructor.newInstance(Constructor.java:423)
	at org.openqa.selenium.remote.codec.w3c.W3CHttpResponseCodec.createException(W3CHttpResponseCodec.java:200)
	at org.openqa.selenium.remote.codec.w3c.W3CHttpResponseCodec.decode(W3CHttpResponseCodec.java:133)
	at org.openqa.selenium.remote.codec.w3c.W3CHttpResponseCodec.decode(W3CHttpResponseCodec.java:53)
	at org.openqa.selenium.remote.HttpCommandExecutor.execute(HttpCommandExecutor.java:184)
	at org.openqa.selenium.remote.service.DriverCommandExecutor.invokeExecute(DriverCommandExecutor.java:167)
	at org.openqa.selenium.remote.service.DriverCommandExecutor.execute(DriverCommandExecutor.java:142)
	at org.openqa.selenium.remote.RemoteWebDriver.execute(RemoteWebDriver.java:541)
	at org.openqa.selenium.remote.RemoteWebElement.execute(RemoteWebElement.java:257)
	at org.openqa.selenium.remote.RemoteWebElement.click(RemoteWebElement.java:78)
	at uk.co.simplyhealth.utility.Utility.clickOnElement(Utility.java:48)
	at uk.co.simplyhealth.pages.RegisterPage.clickOnRegisterButton(RegisterPage.java:68)
	at uk.co.simplyhealth.cucumber.steps.Register.iClickOnRegisterButton(Register.java:67)
	at ✽.And I click on register button(register.feature:20)
</error>
  </testcase>
  <testcase classname="Scenario: As a User I should register successfully with valid credentials" name="Scenario: As a User I should register successfully with valid credentials" time="0.008">
    <error message="element click intercepted: Element is not clickable at point (759, 1021)
  (Session info: chrome=110.0.5481.178)
Build info: version: &apos;4.6.0&apos;, revision: &apos;79f1c02ae20&apos;
System info: os.name: &apos;Windows 10&apos;, os.arch: &apos;amd64&apos;, os.version: &apos;10.0&apos;, java.version: &apos;1.8.0_121&apos;
Driver info: org.openqa.selenium.chrome.ChromeDriver
Command: [2ff23807404126dfffcd1dbf4aed71e3, clickElement {id=4b007147-8c68-49ff-9791-a98b9d16aa08}]
Capabilities {acceptInsecureCerts: false, browserName: chrome, browserVersion: 110.0.5481.178, chrome: {chromedriverVersion: 110.0.5481.77 (65ed616c6e8e..., userDataDir: C:\Users\44754\AppData\Loca...}, goog:chromeOptions: {debuggerAddress: localhost:57129}, networkConnectionEnabled: false, pageLoadStrategy: normal, platformName: WINDOWS, proxy: Proxy(), se:cdp: ws://localhost:57129/devtoo..., se:cdpVersion: 110.0.5481.178, setWindowRect: true, strictFileInteractability: false, timeouts: {implicit: 0, pageLoad: 300000, script: 30000}, unhandledPromptBehavior: dismiss and notify, webauthn:extension:credBlob: true, webauthn:extension:largeBlob: true, webauthn:virtualAuthenticators: true}
Element: [[ChromeDriver: chrome on WINDOWS (2ff23807404126dfffcd1dbf4aed71e3)] -&gt; xpath: //button[@type=&apos;submit&apos;]]
Session ID: 2ff23807404126dfffcd1dbf4aed71e3" type="org.openqa.selenium.ElementClickInterceptedException">org.openqa.selenium.ElementClickInterceptedException: element click intercepted: Element is not clickable at point (759, 1021)
  (Session info: chrome=110.0.5481.178)
Build info: version: &apos;4.6.0&apos;, revision: &apos;79f1c02ae20&apos;
System info: os.name: &apos;Windows 10&apos;, os.arch: &apos;amd64&apos;, os.version: &apos;10.0&apos;, java.version: &apos;1.8.0_121&apos;
Driver info: org.openqa.selenium.chrome.ChromeDriver
Command: [2ff23807404126dfffcd1dbf4aed71e3, clickElement {id=4b007147-8c68-49ff-9791-a98b9d16aa08}]
Capabilities {acceptInsecureCerts: false, browserName: chrome, browserVersion: 110.0.5481.178, chrome: {chromedriverVersion: 110.0.5481.77 (65ed616c6e8e..., userDataDir: C:\Users\44754\AppData\Loca...}, goog:chromeOptions: {debuggerAddress: localhost:57129}, networkConnectionEnabled: false, pageLoadStrategy: normal, platformName: WINDOWS, proxy: Proxy(), se:cdp: ws://localhost:57129/devtoo..., se:cdpVersion: 110.0.5481.178, setWindowRect: true, strictFileInteractability: false, timeouts: {implicit: 0, pageLoad: 300000, script: 30000}, unhandledPromptBehavior: dismiss and notify, webauthn:extension:credBlob: true, webauthn:extension:largeBlob: true, webauthn:virtualAuthenticators: true}
Element: [[ChromeDriver: chrome on WINDOWS (2ff23807404126dfffcd1dbf4aed71e3)] -&gt; xpath: //button[@type=&apos;submit&apos;]]
Session ID: 2ff23807404126dfffcd1dbf4aed71e3
	at sun.reflect.NativeConstructorAccessorImpl.newInstance0(Native Method)
	at sun.reflect.NativeConstructorAccessorImpl.newInstance(NativeConstructorAccessorImpl.java:62)
	at sun.reflect.DelegatingConstructorAccessorImpl.newInstance(DelegatingConstructorAccessorImpl.java:45)
	at java.lang.reflect.Constructor.newInstance(Constructor.java:423)
	at org.openqa.selenium.remote.codec.w3c.W3CHttpResponseCodec.createException(W3CHttpResponseCodec.java:200)
	at org.openqa.selenium.remote.codec.w3c.W3CHttpResponseCodec.decode(W3CHttpResponseCodec.java:133)
	at org.openqa.selenium.remote.codec.w3c.W3CHttpResponseCodec.decode(W3CHttpResponseCodec.java:53)
	at org.openqa.selenium.remote.HttpCommandExecutor.execute(HttpCommandExecutor.java:184)
	at org.openqa.selenium.remote.service.DriverCommandExecutor.invokeExecute(DriverCommandExecutor.java:167)
	at org.openqa.selenium.remote.service.DriverCommandExecutor.execute(DriverCommandExecutor.java:142)
	at org.openqa.selenium.remote.RemoteWebDriver.execute(RemoteWebDriver.java:541)
	at org.openqa.selenium.remote.RemoteWebElement.execute(RemoteWebElement.java:257)
	at org.openqa.selenium.remote.RemoteWebElement.click(RemoteWebElement.java:78)
	at uk.co.simplyhealth.utility.Utility.clickOnElement(Utility.java:48)
	at uk.co.simplyhealth.pages.RegisterPage.clickOnRegisterButton(RegisterPage.java:68)
	at uk.co.simplyhealth.cucumber.steps.Register.iClickOnRegisterButton(Register.java:67)
	at ✽.And I click on register button(register.feature:20)
</error>
  </testcase>
  <testcase classname="Scenario: As a User I should register successfully with valid credentials" name="Then I should see text &quot;You&apos;ve got mail.&quot;" time="0.015">
    <skipped/>
  </testcase>
</testsuite>